Using pre-set license
Built from '2021.1/china_unity/release' branch; Version is '2021.1.17f1c1 (214149e7f07b) revision 2179401'; Using compiler version '192528614'; Build Type 'Release'
OS: 'Windows 10 Pro; OS build 19042.1110; Version 2009; 64bit' Language: 'zh' Physical Memory: 32706 MB
BatchMode: 1, IsHumanControllingUs: 0, StartBugReporterOnCrash: 0, Is64bit: 1, IsPro: 0

 COMMAND LINE ARGUMENTS:
D:\softword\unity\2021.1.17f1c1\Editor\Unity.exe
-adb2
-batchMode
-noUpm
-name
AssetImportWorker0
-projectPath
E:/TDFramework/TDFrameWork
-logFile
Logs/AssetImportWorker0.log
-srvPort
50557
Successfully changed project path to: E:/TDFramework/TDFrameWork
E:/TDFramework/TDFrameWork
Using Asset Import Pipeline V2.
